#
# There is insufficient memory for the Java Runtime Environment to continue.
# Native memory allocation (malloc) failed to allocate 780496 bytes for Chunk::new
# Possible reasons:
#   The system is out of physical RAM or swap space
#   In 32 bit mode, the process size limit was hit
# Possible solutions:
#   Reduce memory load on the system
#   Increase physical memory or swap space
#   Check if swap backing store is full
#   Use 64 bit Java on a 64 bit OS
#   Decrease Java heap size (-Xmx/-Xms)
#   Decrease number of Java threads
#   Decrease Java thread stack sizes (-Xss)
#   Set larger code cache with -XX:ReservedCodeCacheSize=
# This output file may be truncated or incomplete.
#
#  Out of Memory Error (allocation.cpp:388), pid=2600, tid=4156
#
# JRE version: Java(TM) SE Runtime Environment (8.0_05-b13) (build 1.8.0_05-b13)
# Java VM: Java HotSpot(TM) 64-Bit Server VM (25.5-b02 mixed mode windows-amd64 compressed oops)
# Failed to write core dump. Minidumps are not enabled by default on client versions of Windows
#

---------------  T H R E A D  ---------------

Current thread (0x00000000148e9000):  JavaThread "C2 CompilerThread0" daemon [_thread_in_native, id=4156, stack(0x0000000015e30000,0x0000000015f30000)]

Stack: [0x0000000015e30000,0x0000000015f30000]
Native frames: (J=compiled Java code, j=interpreted, Vv=VM code, C=native code)
V  [jvm.dll+0x308dea]
V  [jvm.dll+0x25def1]
V  [jvm.dll+0x25eb0f]
V  [jvm.dll+0x2564e5]
V  [jvm.dll+0xbcfc5]
V  [jvm.dll+0xbd45c]
V  [jvm.dll+0x468bac]
V  [jvm.dll+0x436244]
V  [jvm.dll+0x44111e]
V  [jvm.dll+0x4436a9]
V  [jvm.dll+0x427532]
V  [jvm.dll+0x96702]
V  [jvm.dll+0x96ef3]
V  [jvm.dll+0x2232c4]
V  [jvm.dll+0x27baca]
C  [msvcr100.dll+0x21d9f]
C  [msvcr100.dll+0x21e3b]
C  [KERNEL32.DLL+0x18102]
C  [ntdll.dll+0x5c5b4]


Current CompileTask:
C2:  23090 2523   !   4       com.android.dx.cf.code.BytecodeArray::parseInstruction (2764 bytes)


---------------  P R O C E S S  ---------------

Java Threads: ( => current thread )
  0x000000001606f800 JavaThread "Service Thread" daemon [_thread_blocked, id=5624, stack(0x0000000016530000,0x0000000016630000)]
  0x0000000016068800 JavaThread "C1 CompilerThread2" daemon [_thread_blocked, id=6832, stack(0x0000000016430000,0x0000000016530000)]
  0x00000000148ee800 JavaThread "C2 CompilerThread1" daemon [_thread_in_native, id=1328, stack(0x0000000015f30000,0x0000000016030000)]
=>0x00000000148e9000 JavaThread "C2 CompilerThread0" daemon [_thread_in_native, id=4156, stack(0x0000000015e30000,0x0000000015f30000)]
  0x00000000148e7800 JavaThread "Attach Listener" daemon [_thread_blocked, id=2392, stack(0x0000000015d30000,0x0000000015e30000)]
  0x00000000148e6800 JavaThread "Signal Dispatcher" daemon [_thread_blocked, id=7092, stack(0x0000000015c30000,0x0000000015d30000)]
  0x00000000021be800 JavaThread "Finalizer" daemon [_thread_blocked, id=6656, stack(0x0000000015b10000,0x0000000015c10000)]
  0x00000000021bb800 JavaThread "Reference Handler" daemon [_thread_blocked, id=1548, stack(0x0000000015a10000,0x0000000015b10000)]
  0x00000000020d0800 JavaThread "main" [_thread_in_Java, id=3156, stack(0x0000000001f80000,0x0000000002080000)]

Other Threads:
  0x0000000014866000 VMThread [stack: 0x0000000015910000,0x0000000015a10000] [id=4992]
  0x0000000016092800 WatcherThread [stack: 0x0000000016630000,0x0000000016730000] [id=7172]

VM state:not at safepoint (normal execution)

VM Mutex/Monitor currently owned by a thread: None

Heap:
 PSYoungGen      total 82432K, used 67838K [0x00000000eab00000, 0x00000000f2680000, 0x0000000100000000)
  eden space 69632K, 81% used [0x00000000eab00000,0x00000000ee271fd8,0x00000000eef00000)
  from space 12800K, 86% used [0x00000000eef00000,0x00000000ef9cda88,0x00000000efb80000)
  to   space 14336K, 0% used [0x00000000f1880000,0x00000000f1880000,0x00000000f2680000)
 ParOldGen       total 96768K, used 46635K [0x00000000c0000000, 0x00000000c5e80000, 0x00000000eab00000)
  object space 96768K, 48% used [0x00000000c0000000,0x00000000c2d8ade8,0x00000000c5e80000)
 Metaspace       used 6265K, capacity 7128K, committed 7424K, reserved 1056768K
  class space    used 622K, capacity 656K, committed 768K, reserved 1048576K

Card table byte_map: [0x0000000011590000,0x00000000117a0000] byte_map_base: 0x0000000010f90000

Marking Bits: (ParMarkBitMap*) 0x0000000050b913b0
 Begin Bits: [0x0000000011d00000, 0x0000000012d00000)
 End Bits:   [0x0000000012d00000, 0x0000000013d00000)

Polling page: 0x0000000001f40000

CodeCache: size=245760Kb used=8981Kb max_used=10168Kb free=236778Kb
 bounds [0x00000000021d0000, 0x0000000002bf0000, 0x00000000111d0000]
 total_blobs=2264 nmethods=1999 adapters=178
 compilation: enabled

Compilation events (10 events):
Event: 23.018 Thread 0x0000000016068800 2613       3       com.android.dx.rop.annotation.Annotation::compareTo (147 bytes)
Event: 23.022 Thread 0x0000000016068800 nmethod 2613 0x00000000024eef10 code [0x00000000024ef240, 0x00000000024f0e68]
Event: 23.022 Thread 0x0000000016068800 2616       3       com.android.dx.rop.cst.CstMemberRef::hashCode (19 bytes)
Event: 23.024 Thread 0x0000000016068800 nmethod 2616 0x00000000024025d0 code [0x0000000002402780, 0x0000000002402f88]
Event: 23.024 Thread 0x0000000016068800 2617       3       com.android.dx.rop.cst.CstNat::hashCode (19 bytes)
Event: 23.025 Thread 0x0000000016068800 nmethod 2617 0x00000000022ef1d0 code [0x00000000022ef360, 0x00000000022ef7f8]
Event: 23.026 Thread 0x0000000016068800 2614       3       java.lang.Enum::compareTo (44 bytes)
Event: 23.027 Thread 0x0000000016068800 nmethod 2614 0x00000000023ec590 code [0x00000000023ec740, 0x00000000023ed008]
Event: 23.028 Thread 0x0000000016068800 2615       3       com.android.dx.rop.annotation.NameValuePair::compareTo (30 bytes)
Event: 23.030 Thread 0x0000000016068800 nmethod 2615 0x0000000002574410 code [0x0000000002574640, 0x00000000025755f8]

GC Heap History (10 events):
Event: 11.987 GC heap before
{Heap before GC invocations=19 (full 0):
 PSYoungGen      total 42496K, used 40784K [0x00000000eab00000, 0x00000000edc00000, 0x0000000100000000)
  eden space 36352K, 100% used [0x00000000eab00000,0x00000000ece80000,0x00000000ece80000)
  from space 6144K, 72% used [0x00000000ed500000,0x00000000ed954020,0x00000000edb00000)
  to   space 6656K, 0% used [0x00000000ece80000,0x00000000ece80000,0x00000000ed500000)
 ParOldGen       total 96768K, used 16258K [0x00000000c0000000, 0x00000000c5e80000, 0x00000000eab00000)
  object space 96768K, 16% used [0x00000000c0000000,0x00000000c0fe0ac0,0x00000000c5e80000)
 Metaspace       used 6036K, capacity 6960K, committed 7040K, reserved 1056768K
  class space    used 597K, capacity 616K, committed 640K, reserved 1048576K
Event: 12.016 GC heap after
Heap after GC invocations=19 (full 0):
 PSYoungGen      total 43008K, used 5888K [0x00000000eab00000, 0x00000000eeb00000, 0x0000000100000000)
  eden space 36352K, 0% used [0x00000000eab00000,0x00000000eab00000,0x00000000ece80000)
  from space 6656K, 88% used [0x00000000ece80000,0x00000000ed440000,0x00000000ed500000)
  to   space 7168K, 0% used [0x00000000ee400000,0x00000000ee400000,0x00000000eeb00000)
 ParOldGen       total 96768K, used 20242K [0x00000000c0000000, 0x00000000c5e80000, 0x00000000eab00000)
  object space 96768K, 20% used [0x00000000c0000000,0x00000000c13c4878,0x00000000c5e80000)
 Metaspace       used 6036K, capacity 6960K, committed 7040K, reserved 1056768K
  class space    used 597K, capacity 616K, committed 640K, reserved 1048576K
}
Event: 15.670 GC heap before
{Heap before GC invocations=20 (full 0):
 PSYoungGen      total 43008K, used 42240K [0x00000000eab00000, 0x00000000eeb00000, 0x0000000100000000)
  eden space 36352K, 100% used [0x00000000eab00000,0x00000000ece80000,0x00000000ece80000)
  from space 6656K, 88% used [0x00000000ece80000,0x00000000ed440000,0x00000000ed500000)
  to   space 7168K, 0% used [0x00000000ee400000,0x00000000ee400000,0x00000000eeb00000)
 ParOldGen       total 96768K, used 20242K [0x00000000c0000000, 0x00000000c5e80000, 0x00000000eab00000)
  object space 96768K, 20% used [0x00000000c0000000,0x00000000c13c4878,0x00000000c5e80000)
 Metaspace       used 6076K, capacity 7024K, committed 7296K, reserved 1056768K
  class space    used 597K, capacity 616K, committed 640K, reserved 1048576K
Event: 15.920 GC heap after
Heap after GC invocations=20 (full 0):
 PSYoungGen      total 57344K, used 6130K [0x00000000eab00000, 0x00000000eed00000, 0x0000000100000000)
  eden space 50176K, 0% used [0x00000000eab00000,0x00000000eab00000,0x00000000edc00000)
  from space 7168K, 85% used [0x00000000ee400000,0x00000000ee9fcbc0,0x00000000eeb00000)
  to   space 8192K, 0% used [0x00000000edc00000,0x00000000edc00000,0x00000000ee400000)
 ParOldGen       total 96768K, used 25469K [0x00000000c0000000, 0x00000000c5e80000, 0x00000000eab00000)
  object space 96768K, 26% used [0x00000000c0000000,0x00000000c18df580,0x00000000c5e80000)
 Metaspace       used 6076K, capacity 7024K, committed 7296K, reserved 1056768K
  class space    used 597K, capacity 616K, committed 640K, reserved 1048576K
}
Event: 17.649 GC heap before
{Heap before GC invocations=21 (full 0):
 PSYoungGen      total 57344K, used 56306K [0x00000000eab00000, 0x00000000eed00000, 0x0000000100000000)
  eden space 50176K, 100% used [0x00000000eab00000,0x00000000edc00000,0x00000000edc00000)
  from space 7168K, 85% used [0x00000000ee400000,0x00000000ee9fcbc0,0x00000000eeb00000)
  to   space 8192K, 0% used [0x00000000edc00000,0x00000000edc00000,0x00000000ee400000)
 ParOldGen       total 96768K, used 25469K [0x00000000c0000000, 0x00000000c5e80000, 0x00000000eab00000)
  object space 96768K, 26% used [0x00000000c0000000,0x00000000c18df580,0x00000000c5e80000)
 Metaspace       used 6090K, capacity 7024K, committed 7296K, reserved 1056768K
  class space    used 597K, capacity 616K, committed 640K, reserved 1048576K
Event: 17.836 GC heap after
Heap after GC invocations=21 (full 0):
 PSYoungGen      total 58368K, used 8176K [0x00000000eab00000, 0x00000000f0700000, 0x0000000100000000)
  eden space 50176K, 0% used [0x00000000eab00000,0x00000000eab00000,0x00000000edc00000)
  from space 8192K, 99% used [0x00000000edc00000,0x00000000ee3fc020,0x00000000ee400000)
  to   space 11776K, 0% used [0x00000000efb80000,0x00000000efb80000,0x00000000f0700000)
 ParOldGen       total 96768K, used 31421K [0x00000000c0000000, 0x00000000c5e80000, 0x00000000eab00000)
  object space 96768K, 32% used [0x00000000c0000000,0x00000000c1eaf638,0x00000000c5e80000)
 Metaspace       used 6090K, capacity 7024K, committed 7296K, reserved 1056768K
  class space    used 597K, capacity 616K, committed 640K, reserved 1048576K
}
Event: 19.908 GC heap before
{Heap before GC invocations=22 (full 0):
 PSYoungGen      total 58368K, used 58352K [0x00000000eab00000, 0x00000000f0700000, 0x0000000100000000)
  eden space 50176K, 100% used [0x00000000eab00000,0x00000000edc00000,0x00000000edc00000)
  from space 8192K, 99% used [0x00000000edc00000,0x00000000ee3fc020,0x00000000ee400000)
  to   space 11776K, 0% used [0x00000000efb80000,0x00000000efb80000,0x00000000f0700000)
 ParOldGen       total 96768K, used 31421K [0x00000000c0000000, 0x00000000c5e80000, 0x00000000eab00000)
  object space 96768K, 32% used [0x00000000c0000000,0x00000000c1eaf638,0x00000000c5e80000)
 Metaspace       used 6105K, capacity 7024K, committed 7296K, reserved 1056768K
  class space    used 597K, capacity 616K, committed 640K, reserved 1048576K
Event: 20.367 GC heap after
Heap after GC invocations=22 (full 0):
 PSYoungGen      total 81408K, used 8423K [0x00000000eab00000, 0x00000000f0900000, 0x0000000100000000)
  eden space 69632K, 0% used [0x00000000eab00000,0x00000000eab00000,0x00000000eef00000)
  from space 11776K, 71% used [0x00000000efb80000,0x00000000f03b9f28,0x00000000f0700000)
  to   space 12800K, 0% used [0x00000000eef00000,0x00000000eef00000,0x00000000efb80000)
 ParOldGen       total 96768K, used 39275K [0x00000000c0000000, 0x00000000c5e80000, 0x00000000eab00000)
  object space 96768K, 40% used [0x00000000c0000000,0x00000000c265ac88,0x00000000c5e80000)
 Metaspace       used 6105K, capacity 7024K, committed 7296K, reserved 1056768K
  class space    used 597K, capacity 616K, committed 640K, reserved 1048576K
}
Event: 21.851 GC heap before
{Heap before GC invocations=23 (full 0):
 PSYoungGen      total 81408K, used 78055K [0x00000000eab00000, 0x00000000f0900000, 0x0000000100000000)
  eden space 69632K, 100% used [0x00000000eab00000,0x00000000eef00000,0x00000000eef00000)
  from space 11776K, 71% used [0x00000000efb80000,0x00000000f03b9f28,0x00000000f0700000)
  to   space 12800K, 0% used [0x00000000eef00000,0x00000000eef00000,0x00000000efb80000)
 ParOldGen       total 96768K, used 39275K [0x00000000c0000000, 0x00000000c5e80000, 0x00000000eab00000)
  object space 96768K, 40% used [0x00000000c0000000,0x00000000c265ac88,0x00000000c5e80000)
 Metaspace       used 6198K, capacity 7064K, committed 7424K, reserved 1056768K
  class space    used 617K, capacity 656K, committed 768K, reserved 1048576K
Event: 21.975 GC heap after
Heap after GC invocations=23 (full 0):
 PSYoungGen      total 82432K, used 11062K [0x00000000eab00000, 0x00000000f2680000, 0x0000000100000000)
  eden space 69632K, 0% used [0x00000000eab00000,0x00000000eab00000,0x00000000eef00000)
  from space 12800K, 86% used [0x00000000eef00000,0x00000000ef9cda88,0x00000000efb80000)
  to   space 14336K, 0% used [0x00000000f1880000,0x00000000f1880000,0x00000000f2680000)
 ParOldGen       total 96768K, used 46635K [0x00000000c0000000, 0x00000000c5e80000, 0x00000000eab00000)
  object space 96768K, 48% used [0x00000000c0000000,0x00000000c2d8ade8,0x00000000c5e80000)
 Metaspace       used 6198K, capacity 7064K, committed 7424K, reserved 1056768K
  class space    used 617K, capacity 656K, committed 768K, reserved 1048576K
}

Deoptimization events (10 events):
Event: 22.217 Thread 0x00000000162ac000 Uncommon trap: reason=class_check action=maybe_recompile pc=0x0000000002bd1ff0 method=com.android.dx.cf.code.BytecodeArray.parseInstruction(ILcom/android/dx/cf/code/BytecodeArray$Visitor;)I @ 2415
Event: 22.269 Thread 0x0000000016379000 Uncommon trap: reason=bimorphic action=maybe_recompile pc=0x0000000002bd10f8 method=com.android.dx.cf.code.BytecodeArray.parseInstruction(ILcom/android/dx/cf/code/BytecodeArray$Visitor;)I @ 1287
Event: 22.269 Thread 0x0000000016379000 Uncommon trap: reason=bimorphic action=maybe_recompile pc=0x0000000002bd10f8 method=com.android.dx.cf.code.BytecodeArray.parseInstruction(ILcom/android/dx/cf/code/BytecodeArray$Visitor;)I @ 1287
Event: 22.458 Thread 0x0000000016378800 Uncommon trap: reason=unreached action=reinterpret pc=0x00000000029bb7f8 method=java.util.HashMap.putVal(ILjava/lang/Object;Ljava/lang/Object;ZZ)Ljava/lang/Object; @ 109
Event: 22.458 Thread 0x0000000016378800 Uncommon trap: reason=unreached action=reinterpret pc=0x00000000026da0d8 method=java.util.HashMap.getNode(ILjava/lang/Object;)Ljava/util/HashMap$Node; @ 84
Event: 22.832 Thread 0x00000000020d0800 Uncommon trap: reason=class_check action=maybe_recompile pc=0x0000000002703de4 method=java.util.Arrays.hashCode([Ljava/lang/Object;)I @ 43
Event: 22.833 Thread 0x00000000020d0800 Uncommon trap: reason=class_check action=maybe_recompile pc=0x0000000002703de4 method=java.util.Arrays.hashCode([Ljava/lang/Object;)I @ 43
Event: 22.833 Thread 0x00000000020d0800 Uncommon trap: reason=class_check action=maybe_recompile pc=0x0000000002703de4 method=java.util.Arrays.hashCode([Ljava/lang/Object;)I @ 43
Event: 22.833 Thread 0x00000000020d0800 Uncommon trap: reason=class_check action=maybe_recompile pc=0x0000000002703de4 method=java.util.Arrays.hashCode([Ljava/lang/Object;)I @ 43
Event: 22.833 Thread 0x00000000020d0800 Uncommon trap: reason=class_check action=maybe_recompile pc=0x00000000026dbfc8 method=java.util.Arrays.hashCode([Ljava/lang/Object;)I @ 43

Internal exceptions (10 events):
Event: 3.049 Thread 0x00000000020d0800 Exception <a 'java/security/PrivilegedActionException'> (0x00000000eb4d01f0) thrown at [D:\re\workspace\8-2-build-windows-amd64-cygwin\jdk8u5\2488\hotspot\src\share\vm\prims\jvm.cpp, line 1248]
Event: 3.259 Thread 0x00000000020d0800 Exception <a 'java/security/PrivilegedActionException'> (0x00000000eacbf6f0) thrown at [D:\re\workspace\8-2-build-windows-amd64-cygwin\jdk8u5\2488\hotspot\src\share\vm\prims\jvm.cpp, line 1248]
Event: 9.650 Thread 0x0000000016291000 Exception <a 'java/security/PrivilegedActionException'> (0x00000000ebfcade0) thrown at [D:\re\workspace\8-2-build-windows-amd64-cygwin\jdk8u5\2488\hotspot\src\share\vm\prims\jvm.cpp, line 1248]
Event: 13.274 Thread 0x0000000016379000 Implicit null exception at 0x00000000028adad2 to 0x00000000028aea5d
Event: 14.411 Thread 0x0000000016291000 Implicit null exception at 0x00000000028a5979 to 0x00000000028a7071
Event: 18.784 Thread 0x00000000020d0800 Exception <a 'java/security/PrivilegedActionException'> (0x00000000eba2f398) thrown at [D:\re\workspace\8-2-build-windows-amd64-cygwin\jdk8u5\2488\hotspot\src\share\vm\prims\jvm.cpp, line 1248]
Event: 21.767 Thread 0x00000000162ac000 Exception <a 'java/lang/ArrayIndexOutOfBoundsException': 18> (0x00000000eeb2d1b8) thrown at [D:\re\workspace\8-2-build-windows-amd64-cygwin\jdk8u5\2488\hotspot\src\share\vm\interpreter\interpreterRuntime.cpp, line 337]
Event: 21.768 Thread 0x00000000162ac000 Exception <a 'java/lang/ArrayIndexOutOfBoundsException': 145> (0x00000000eeb2ec50) thrown at [D:\re\workspace\8-2-build-windows-amd64-cygwin\jdk8u5\2488\hotspot\src\share\vm\interpreter\interpreterRuntime.cpp, line 337]
Event: 21.770 Thread 0x00000000162ac000 Exception <a 'java/lang/ArrayIndexOutOfBoundsException'> (0x00000000eeb2fe68) thrown at [D:\re\workspace\8-2-build-windows-amd64-cygwin\jdk8u5\2488\hotspot\src\share\vm\runtime\sharedRuntime.cpp, line 595]
Event: 22.834 Thread 0x00000000020d0800 Exception <a 'java/security/PrivilegedActionException'> (0x00000000ecdf2358) thrown at [D:\re\workspace\8-2-build-windows-amd64-cygwin\jdk8u5\2488\hotspot\src\share\vm\prims\jvm.cpp, line 1248]

Events (10 events):
Event: 23.030 Thread 0x0000000016068800 flushing nmethod 0x00000000026344d0
Event: 23.030 Thread 0x0000000016068800 flushing nmethod 0x0000000002640d10
Event: 23.030 Thread 0x0000000016068800 flushing nmethod 0x00000000026483d0
Event: 23.031 Thread 0x0000000016068800 flushing nmethod 0x0000000002658c10
Event: 23.031 Thread 0x0000000016068800 flushing nmethod 0x000000000265c710
Event: 23.031 Thread 0x0000000016068800 flushing nmethod 0x0000000002662dd0
Event: 23.031 Thread 0x0000000016068800 flushing nmethod 0x000000000266d450
Event: 23.031 Thread 0x0000000016068800 flushing nmethod 0x00000000026728d0
Event: 23.031 Thread 0x0000000016068800 flushing nmethod 0x0000000002677750
Event: 23.031 Thread 0x0000000016068800 flushing nmethod 0x000000000267a050


Dynamic libraries:
0x00007ff60c600000 - 0x00007ff60c634000 	C:\Program Files\Java\jdk1.8.0_05\bin\java.exe
0x00007ffd956c0000 - 0x00007ffd95881000 	C:\WINDOWS\SYSTEM32\ntdll.dll
0x00007ffd92ff0000 - 0x00007ffd9309d000 	C:\WINDOWS\system32\KERNEL32.DLL
0x00007ffd91e30000 - 0x00007ffd92018000 	C:\WINDOWS\system32\KERNELBASE.dll
0x00007ffd94c30000 - 0x00007ffd94cd7000 	C:\WINDOWS\system32\ADVAPI32.dll
0x00007ffd934e0000 - 0x00007ffd9357d000 	C:\WINDOWS\system32\msvcrt.dll
0x00007ffd92cd0000 - 0x00007ffd92d2b000 	C:\WINDOWS\system32\sechost.dll
0x00007ffd92ac0000 - 0x00007ffd92bdc000 	C:\WINDOWS\system32\RPCRT4.dll
0x00007ffd93110000 - 0x00007ffd93266000 	C:\WINDOWS\system32\USER32.dll
0x00007ffd94ce0000 - 0x00007ffd94e66000 	C:\WINDOWS\system32\GDI32.dll
0x00007ffd88500000 - 0x00007ffd88774000 	C:\WINDOWS\WinSxS\amd64_microsoft.windows.common-controls_6595b64144ccf1df_6.0.10586.0_none_8c15ae12515e1c22\COMCTL32.dll
0x00007ffd94f90000 - 0x00007ffd9520d000 	C:\WINDOWS\system32\combase.dll
0x00007ffd92670000 - 0x00007ffd926da000 	C:\WINDOWS\system32\bcryptPrimitives.dll
0x00007ffd93270000 - 0x00007ffd932ab000 	C:\WINDOWS\system32\IMM32.DLL
0x0000000077c40000 - 0x0000000077d12000 	C:\Program Files\Java\jdk1.8.0_05\jre\bin\msvcr100.dll
0x00000000503e0000 - 0x0000000050c0a000 	C:\Program Files\Java\jdk1.8.0_05\jre\bin\server\jvm.dll
0x00007ffd95210000 - 0x00007ffd95218000 	C:\WINDOWS\system32\PSAPI.DLL
0x00007ffd871d0000 - 0x00007ffd871d9000 	C:\WINDOWS\SYSTEM32\WSOCK32.dll
0x00007ffd930a0000 - 0x00007ffd9310b000 	C:\WINDOWS\system32\WS2_32.dll
0x00007ffd8fc60000 - 0x00007ffd8fc83000 	C:\WINDOWS\SYSTEM32\WINMM.dll
0x00007ffd8fc00000 - 0x00007ffd8fc2c000 	C:\WINDOWS\SYSTEM32\WINMMBASE.dll
0x00007ffd92a70000 - 0x00007ffd92ab3000 	C:\WINDOWS\system32\cfgmgr32.dll
0x0000000050f20000 - 0x0000000050f2f000 	C:\Program Files\Java\jdk1.8.0_05\jre\bin\verify.dll
0x00000000502d0000 - 0x00000000502f8000 	C:\Program Files\Java\jdk1.8.0_05\jre\bin\java.dll
0x00000000502b0000 - 0x00000000502c6000 	C:\Program Files\Java\jdk1.8.0_05\jre\bin\zip.dll
0x00007ffd93580000 - 0x00007ffd94adc000 	C:\WINDOWS\system32\SHELL32.dll
0x00007ffd92020000 - 0x00007ffd92665000 	C:\WINDOWS\system32\windows.storage.dll
0x00007ffd94f20000 - 0x00007ffd94f72000 	C:\WINDOWS\system32\shlwapi.dll
0x00007ffd91d60000 - 0x00007ffd91d6f000 	C:\WINDOWS\system32\kernel.appcore.dll
0x00007ffd91d70000 - 0x00007ffd91e25000 	C:\WINDOWS\system32\shcore.dll
0x00007ffd91d00000 - 0x00007ffd91d4b000 	C:\WINDOWS\system32\powrprof.dll
0x00007ffd91ce0000 - 0x00007ffd91cf4000 	C:\WINDOWS\system32\profapi.dll
0x00007ffd8e920000 - 0x00007ffd8eaac000 	C:\WINDOWS\SYSTEM32\dbghelp.dll

VM Arguments:
jvm_args: -Djava.awt.headless=true -Xmx1024M -Dfile.encoding=windows-1256 -Duser.country=US -Duser.language=en -Duser.variant 
java_command: com.android.dx.command.Main --dex --num-threads=4 --output C:\Users\KiMoo\Desktop\SocyleRegistrationLogInapplication\app\build\intermediates\pre-dexed\debug\com.android.support-support-v4-22.2.1_6d8674fa5a7337415bc6852d3bd9111aa2d076d6.jar C:\Users\KiMoo\Desktop\SocyleRegistrationLogInapplication\app\build\intermediates\exploded-aar\com.android.support\support-v4\22.2.1\jars\classes.jar
java_class_path (initial): C:\Users\KiMoo\AppData\Local\Android\sdk\build-tools\23.0.2\lib\dx.jar
Launcher Type: SUN_STANDARD

Environment Variables:
PATH=C:\Program Files\Broadcom\Broadcom 802.11\Driver;C:\ProgramData\Oracle\Java\javapath;c:\Program Files (x86)\AMD APP\bin\x86_64;c:\Program Files (x86)\AMD APP\bin\x86;C:\WINDOWS\system32;C:\WINDOWS;C:\WINDOWS\System32\Wbem;C:\WINDOWS\System32\WindowsPowerShell\v1.0\;c:\Program Files (x86)\ATI Technologies\ATI.ACE\Core-Static;C:\Program Files (x86)\ATI Technologies\ATI.ACE\Core-Static;H:\Metlab\runtime\win64;H:\Metlab\bin
USERNAME=KiMoo
OS=Windows_NT
PROCESSOR_IDENTIFIER=Intel64 Family 6 Model 42 Stepping 7, GenuineIntel



---------------  S Y S T E M  ---------------

OS: Windows 8.1 , 64 bit Build 9600 

CPU:total 4 (2 cores per cpu, 2 threads per core) family 6 model 42 stepping 7, cmov, cx8, fxsr, mmx, sse, sse2, sse3, ssse3, sse4.1, sse4.2, popcnt, avx, aes, clmul, ht, tsc, tscinvbit

Memory: 4k page, physical 6238060k(540348k free), swap 8453536k(4736k free)

vm_info: Java HotSpot(TM) 64-Bit Server VM (25.5-b02) for windows-amd64 JRE (1.8.0_05-b13), built on Mar 18 2014 01:08:39 by "java_re" with MS VC++ 10.0 (VS2010)

time: Wed Jun 15 23:26:37 2016
elapsed time: 23 seconds

