#
# There is insufficient memory for the Java Runtime Environment to continue.
# Native memory allocation (malloc) failed to allocate 32744 bytes for ChunkPool::allocate
# Possible reasons:
#   The system is out of physical RAM or swap space
#   In 32 bit mode, the process size limit was hit
# Possible solutions:
#   Reduce memory load on the system
#   Increase physical memory or swap space
#   Check if swap backing store is full
#   Use 64 bit Java on a 64 bit OS
#   Decrease Java heap size (-Xmx/-Xms)
#   Decrease number of Java threads
#   Decrease Java thread stack sizes (-Xss)
#   Set larger code cache with -XX:ReservedCodeCacheSize=
# This output file may be truncated or incomplete.
#
#  Out of Memory Error (allocation.cpp:271), pid=2172, tid=932
#
# JRE version: Java(TM) SE Runtime Environment (8.0_05-b13) (build 1.8.0_05-b13)
# Java VM: Java HotSpot(TM) 64-Bit Server VM (25.5-b02 mixed mode windows-amd64 compressed oops)
# Failed to write core dump. Minidumps are not enabled by default on client versions of Windows
#

---------------  T H R E A D  ---------------

Current thread (0x0000000014a3d800):  JavaThread "C1 CompilerThread2" daemon [_thread_in_native, id=932, stack(0x0000000016540000,0x0000000016640000)]

Stack: [0x0000000016540000,0x0000000016640000]
Native frames: (J=compiled Java code, j=interpreted, Vv=VM code, C=native code)
V  [jvm.dll+0x308dea]
V  [jvm.dll+0x25def1]
V  [jvm.dll+0x25eb0f]
V  [jvm.dll+0x2564e5]
V  [jvm.dll+0xbcd21]
V  [jvm.dll+0xbd45c]
V  [jvm.dll+0x2a638e]
V  [jvm.dll+0x40d2ec]
V  [jvm.dll+0x4071f0]
V  [jvm.dll+0x3f1620]
V  [jvm.dll+0x3de3fd]
V  [jvm.dll+0x3de870]
V  [jvm.dll+0x3de9a2]
V  [jvm.dll+0x3deb68]
V  [jvm.dll+0x3ded6f]
V  [jvm.dll+0x96702]
V  [jvm.dll+0x96ef3]
V  [jvm.dll+0x2232c4]
V  [jvm.dll+0x27baca]
C  [msvcr100.dll+0x21d9f]
C  [msvcr100.dll+0x21e3b]
C  [KERNEL32.DLL+0x18102]
C  [ntdll.dll+0x5c5b4]


Current CompileTask:
C1:   2567  653   !   3       com.android.dx.cf.code.BytecodeArray::parseInstruction (2764 bytes)


---------------  P R O C E S S  ---------------

Java Threads: ( => current thread )
  0x0000000016378000 JavaThread "pool-1-thread-4" [_thread_in_Java, id=2656, stack(0x0000000017440000,0x0000000017540000)]
  0x0000000016375000 JavaThread "pool-1-thread-3" [_thread_in_Java, id=2280, stack(0x0000000017340000,0x0000000017440000)]
  0x0000000016374000 JavaThread "pool-1-thread-2" [_thread_in_Java, id=2988, stack(0x0000000017240000,0x0000000017340000)]
  0x0000000016373000 JavaThread "pool-2-thread-1" [_thread_blocked, id=3580, stack(0x0000000017140000,0x0000000017240000)]
  0x0000000016362800 JavaThread "pool-1-thread-1" [_thread_in_Java, id=5108, stack(0x0000000017040000,0x0000000017140000)]
  0x0000000016079800 JavaThread "Service Thread" daemon [_thread_blocked, id=5128, stack(0x0000000016640000,0x0000000016740000)]
=>0x0000000014a3d800 JavaThread "C1 CompilerThread2" daemon [_thread_in_native, id=932, stack(0x0000000016540000,0x0000000016640000)]
  0x0000000014a3a800 JavaThread "C2 CompilerThread1" daemon [_thread_in_native, id=5432, stack(0x0000000016440000,0x0000000016540000)]
  0x0000000014a29800 JavaThread "C2 CompilerThread0" daemon [_thread_in_native, id=6084, stack(0x0000000015f40000,0x0000000016040000)]
  0x0000000014a28000 JavaThread "Attach Listener" daemon [_thread_blocked, id=7392, stack(0x0000000015e40000,0x0000000015f40000)]
  0x0000000014a27800 JavaThread "Signal Dispatcher" daemon [_thread_blocked, id=4696, stack(0x0000000015d40000,0x0000000015e40000)]
  0x00000000022ff000 JavaThread "Finalizer" daemon [_thread_blocked, id=4084, stack(0x0000000015c40000,0x0000000015d40000)]
  0x00000000149a7800 JavaThread "Reference Handler" daemon [_thread_blocked, id=5700, stack(0x0000000015b40000,0x0000000015c40000)]
  0x0000000002210800 JavaThread "main" [_thread_in_Java, id=7508, stack(0x0000000002110000,0x0000000002210000)]

Other Threads:
  0x00000000149a5800 VMThread [stack: 0x0000000015a40000,0x0000000015b40000] [id=2296]
  0x000000001607c000 WatcherThread [stack: 0x0000000016740000,0x0000000016840000] [id=8092]

VM state:not at safepoint (normal execution)

VM Mutex/Monitor currently owned by a thread: None

Heap:
 PSYoungGen      total 5632K, used 5576K [0x00000000eab00000, 0x00000000eb600000, 0x0000000100000000)
  eden space 4096K, 98% used [0x00000000eab00000,0x00000000eaef35f0,0x00000000eaf00000)
  from space 1536K, 99% used [0x00000000eb480000,0x00000000eb5fea98,0x00000000eb600000)
  to   space 1024K, 0% used [0x00000000eaf00000,0x00000000eaf00000,0x00000000eb000000)
 ParOldGen       total 96768K, used 1748K [0x00000000c0000000, 0x00000000c5e80000, 0x00000000eab00000)
  object space 96768K, 1% used [0x00000000c0000000,0x00000000c01b51c8,0x00000000c5e80000)
 Metaspace       used 5593K, capacity 6640K, committed 6784K, reserved 1060864K
  class space    used 594K, capacity 616K, committed 640K, reserved 1048576K

Card table byte_map: [0x00000000116d0000,0x00000000118e0000] byte_map_base: 0x00000000110d0000

Marking Bits: (ParMarkBitMap*) 0x0000000050b913b0
 Begin Bits: [0x0000000011e40000, 0x0000000012e40000)
 End Bits:   [0x0000000012e40000, 0x0000000013e40000)

Polling page: 0x0000000000810000

CodeCache: size=245760Kb used=2412Kb max_used=2424Kb free=243347Kb
 bounds [0x0000000002310000, 0x0000000002580000, 0x0000000011310000]
 total_blobs=919 nmethods=655 adapters=178
 compilation: enabled

Compilation events (10 events):
Event: 2.205 Thread 0x0000000014a3d800 nmethod 652 0x000000000256de10 code [0x000000000256df60, 0x000000000256e0b0]
Event: 2.205 Thread 0x0000000014a3a800 nmethod 637 0x000000000256e190 code [0x000000000256e2e0, 0x000000000256e608]
Event: 2.205 Thread 0x0000000014a3d800  653   !   3       com.android.dx.cf.code.BytecodeArray::parseInstruction (2764 bytes)
Event: 2.209 Thread 0x0000000014a29800  669   !   4       com.android.dx.util.IntList::get (36 bytes)
Event: 2.210 Thread 0x0000000014a29800 nmethod 669 0x000000000256c3d0 code [0x000000000256c500, 0x000000000256c598]
Event: 2.210 Thread 0x0000000014a3a800  672       4       java.util.BitSet::nextSetBit (102 bytes)
Event: 2.214 Thread 0x0000000014a3a800 nmethod 672 0x000000000256da50 code [0x000000000256dba0, 0x000000000256dcd8]
Event: 2.215 Thread 0x0000000014a29800  676       4       java.util.HashMap::get (23 bytes)
Event: 2.344 Thread 0x0000000014a29800 nmethod 676 0x000000000256d490 code [0x000000000256d5e0, 0x000000000256d818]
Event: 2.346 Thread 0x0000000014a3a800  678   !   4       com.android.dx.util.FixedSizeList::set0 (22 bytes)

GC Heap History (10 events):
Event: 0.902 GC heap before
{Heap before GC invocations=4 (full 0):
 PSYoungGen      total 1536K, used 1519K [0x00000000eab00000, 0x00000000eae00000, 0x0000000100000000)
  eden space 1024K, 99% used [0x00000000eab00000,0x00000000eabfff80,0x00000000eac00000)
  from space 512K, 96% used [0x00000000eac00000,0x00000000eac7c010,0x00000000eac80000)
  to   space 512K, 0% used [0x00000000ead80000,0x00000000ead80000,0x00000000eae00000)
 ParOldGen       total 96768K, used 452K [0x00000000c0000000, 0x00000000c5e80000, 0x00000000eab00000)
  object space 96768K, 0% used [0x00000000c0000000,0x00000000c0071130,0x00000000c5e80000)
 Metaspace       used 3481K, capacity 4720K, committed 4864K, reserved 1056768K
  class space    used 377K, capacity 424K, committed 512K, reserved 1048576K
Event: 1.006 GC heap after
Heap after GC invocations=4 (full 0):
 PSYoungGen      total 2560K, used 480K [0x00000000eab00000, 0x00000000eae00000, 0x0000000100000000)
  eden space 2048K, 0% used [0x00000000eab00000,0x00000000eab00000,0x00000000ead00000)
  from space 512K, 93% used [0x00000000ead80000,0x00000000eadf8020,0x00000000eae00000)
  to   space 512K, 0% used [0x00000000ead00000,0x00000000ead00000,0x00000000ead80000)
 ParOldGen       total 96768K, used 452K [0x00000000c0000000, 0x00000000c5e80000, 0x00000000eab00000)
  object space 96768K, 0% used [0x00000000c0000000,0x00000000c0071130,0x00000000c5e80000)
 Metaspace       used 3481K, capacity 4720K, committed 4864K, reserved 1056768K
  class space    used 377K, capacity 424K, committed 512K, reserved 1048576K
}
Event: 1.035 GC heap before
{Heap before GC invocations=5 (full 0):
 PSYoungGen      total 2560K, used 2528K [0x00000000eab00000, 0x00000000eae00000, 0x0000000100000000)
  eden space 2048K, 100% used [0x00000000eab00000,0x00000000ead00000,0x00000000ead00000)
  from space 512K, 93% used [0x00000000ead80000,0x00000000eadf8020,0x00000000eae00000)
  to   space 512K, 0% used [0x00000000ead00000,0x00000000ead00000,0x00000000ead80000)
 ParOldGen       total 96768K, used 452K [0x00000000c0000000, 0x00000000c5e80000, 0x00000000eab00000)
  object space 96768K, 0% used [0x00000000c0000000,0x00000000c0071130,0x00000000c5e80000)
 Metaspace       used 3481K, capacity 4720K, committed 4864K, reserved 1056768K
  class space    used 377K, capacity 424K, committed 512K, reserved 1048576K
Event: 1.088 GC heap after
Heap after GC invocations=5 (full 0):
 PSYoungGen      total 2560K, used 496K [0x00000000eab00000, 0x00000000eb100000, 0x0000000100000000)
  eden space 2048K, 0% used [0x00000000eab00000,0x00000000eab00000,0x00000000ead00000)
  from space 512K, 96% used [0x00000000ead00000,0x00000000ead7c010,0x00000000ead80000)
  to   space 1024K, 0% used [0x00000000eb000000,0x00000000eb000000,0x00000000eb100000)
 ParOldGen       total 96768K, used 468K [0x00000000c0000000, 0x00000000c5e80000, 0x00000000eab00000)
  object space 96768K, 0% used [0x00000000c0000000,0x00000000c0075140,0x00000000c5e80000)
 Metaspace       used 3481K, capacity 4720K, committed 4864K, reserved 1056768K
  class space    used 377K, capacity 424K, committed 512K, reserved 1048576K
}
Event: 1.186 GC heap before
{Heap before GC invocations=6 (full 0):
 PSYoungGen      total 2560K, used 2544K [0x00000000eab00000, 0x00000000eb100000, 0x0000000100000000)
  eden space 2048K, 100% used [0x00000000eab00000,0x00000000ead00000,0x00000000ead00000)
  from space 512K, 96% used [0x00000000ead00000,0x00000000ead7c010,0x00000000ead80000)
  to   space 1024K, 0% used [0x00000000eb000000,0x00000000eb000000,0x00000000eb100000)
 ParOldGen       total 96768K, used 468K [0x00000000c0000000, 0x00000000c5e80000, 0x00000000eab00000)
  object space 96768K, 0% used [0x00000000c0000000,0x00000000c0075140,0x00000000c5e80000)
 Metaspace       used 3570K, capacity 4784K, committed 5120K, reserved 1056768K
  class space    used 390K, capacity 424K, committed 512K, reserved 1048576K
Event: 1.200 GC heap after
Heap after GC invocations=6 (full 0):
 PSYoungGen      total 5120K, used 698K [0x00000000eab00000, 0x00000000eb100000, 0x0000000100000000)
  eden space 4096K, 0% used [0x00000000eab00000,0x00000000eab00000,0x00000000eaf00000)
  from space 1024K, 68% used [0x00000000eb000000,0x00000000eb0aea80,0x00000000eb100000)
  to   space 1024K, 0% used [0x00000000eaf00000,0x00000000eaf00000,0x00000000eb000000)
 ParOldGen       total 96768K, used 476K [0x00000000c0000000, 0x00000000c5e80000, 0x00000000eab00000)
  object space 96768K, 0% used [0x00000000c0000000,0x00000000c0077140,0x00000000c5e80000)
 Metaspace       used 3570K, capacity 4784K, committed 5120K, reserved 1056768K
  class space    used 390K, capacity 424K, committed 512K, reserved 1048576K
}
Event: 1.753 GC heap before
{Heap before GC invocations=7 (full 0):
 PSYoungGen      total 5120K, used 4794K [0x00000000eab00000, 0x00000000eb100000, 0x0000000100000000)
  eden space 4096K, 100% used [0x00000000eab00000,0x00000000eaf00000,0x00000000eaf00000)
  from space 1024K, 68% used [0x00000000eb000000,0x00000000eb0aea80,0x00000000eb100000)
  to   space 1024K, 0% used [0x00000000eaf00000,0x00000000eaf00000,0x00000000eb000000)
 ParOldGen       total 96768K, used 476K [0x00000000c0000000, 0x00000000c5e80000, 0x00000000eab00000)
  object space 96768K, 0% used [0x00000000c0000000,0x00000000c0077140,0x00000000c5e80000)
 Metaspace       used 4700K, capacity 5808K, committed 6016K, reserved 1056768K
  class space    used 517K, capacity 552K, committed 640K, reserved 1048576K
Event: 1.759 GC heap after
Heap after GC invocations=7 (full 0):
 PSYoungGen      total 5120K, used 1016K [0x00000000eab00000, 0x00000000eb600000, 0x0000000100000000)
  eden space 4096K, 0% used [0x00000000eab00000,0x00000000eab00000,0x00000000eaf00000)
  from space 1024K, 99% used [0x00000000eaf00000,0x00000000eaffe098,0x00000000eb000000)
  to   space 1536K, 0% used [0x00000000eb480000,0x00000000eb480000,0x00000000eb600000)
 ParOldGen       total 96768K, used 1316K [0x00000000c0000000, 0x00000000c5e80000, 0x00000000eab00000)
  object space 96768K, 1% used [0x00000000c0000000,0x00000000c01490d0,0x00000000c5e80000)
 Metaspace       used 4700K, capacity 5808K, committed 6016K, reserved 1056768K
  class space    used 517K, capacity 552K, committed 640K, reserved 1048576K
}
Event: 2.217 GC heap before
{Heap before GC invocations=8 (full 0):
 PSYoungGen      total 5120K, used 5112K [0x00000000eab00000, 0x00000000eb600000, 0x0000000100000000)
  eden space 4096K, 100% used [0x00000000eab00000,0x00000000eaf00000,0x00000000eaf00000)
  from space 1024K, 99% used [0x00000000eaf00000,0x00000000eaffe098,0x00000000eb000000)
  to   space 1536K, 0% used [0x00000000eb480000,0x00000000eb480000,0x00000000eb600000)
 ParOldGen       total 96768K, used 1316K [0x00000000c0000000, 0x00000000c5e80000, 0x00000000eab00000)
  object space 96768K, 1% used [0x00000000c0000000,0x00000000c01490d0,0x00000000c5e80000)
 Metaspace       used 5422K, capacity 6448K, committed 6528K, reserved 1056768K
  class space    used 590K, capacity 616K, committed 640K, reserved 1048576K
Event: 2.343 GC heap after
Heap after GC invocations=8 (full 0):
 PSYoungGen      total 5632K, used 1530K [0x00000000eab00000, 0x00000000eb600000, 0x0000000100000000)
  eden space 4096K, 0% used [0x00000000eab00000,0x00000000eab00000,0x00000000eaf00000)
  from space 1536K, 99% used [0x00000000eb480000,0x00000000eb5fea98,0x00000000eb600000)
  to   space 1024K, 0% used [0x00000000eaf00000,0x00000000eaf00000,0x00000000eb000000)
 ParOldGen       total 96768K, used 1748K [0x00000000c0000000, 0x00000000c5e80000, 0x00000000eab00000)
  object space 96768K, 1% used [0x00000000c0000000,0x00000000c01b51c8,0x00000000c5e80000)
 Metaspace       used 5422K, capacity 6448K, committed 6528K, reserved 1056768K
  class space    used 590K, capacity 616K, committed 640K, reserved 1048576K
}

Deoptimization events (0 events):
No events

Internal exceptions (10 events):
Event: 2.039 Thread 0x0000000016378000 Exception <a 'java/security/PrivilegedActionException'> (0x00000000ead23900) thrown at [D:\re\workspace\8-2-build-windows-amd64-cygwin\jdk8u5\2488\hotspot\src\share\vm\prims\jvm.cpp, line 1248]
Event: 2.041 Thread 0x0000000016378000 Exception <a 'java/security/PrivilegedActionException'> (0x00000000ead27158) thrown at [D:\re\workspace\8-2-build-windows-amd64-cygwin\jdk8u5\2488\hotspot\src\share\vm\prims\jvm.cpp, line 1248]
Event: 2.046 Thread 0x0000000016378000 Exception <a 'java/security/PrivilegedActionException'> (0x00000000ead33928) thrown at [D:\re\workspace\8-2-build-windows-amd64-cygwin\jdk8u5\2488\hotspot\src\share\vm\prims\jvm.cpp, line 1248]
Event: 2.048 Thread 0x0000000016374000 Exception <a 'java/security/PrivilegedActionException'> (0x00000000eabdfa88) thrown at [D:\re\workspace\8-2-build-windows-amd64-cygwin\jdk8u5\2488\hotspot\src\share\vm\prims\jvm.cpp, line 1248]
Event: 2.049 Thread 0x0000000016362800 Exception <a 'java/security/PrivilegedActionException'> (0x00000000ead3a978) thrown at [D:\re\workspace\8-2-build-windows-amd64-cygwin\jdk8u5\2488\hotspot\src\share\vm\prims\jvm.cpp, line 1248]
Event: 2.051 Thread 0x0000000016375000 Exception <a 'java/security/PrivilegedActionException'> (0x00000000ead02188) thrown at [D:\re\workspace\8-2-build-windows-amd64-cygwin\jdk8u5\2488\hotspot\src\share\vm\prims\jvm.cpp, line 1248]
Event: 2.052 Thread 0x0000000016375000 Exception <a 'java/security/PrivilegedActionException'> (0x00000000ead54bc8) thrown at [D:\re\workspace\8-2-build-windows-amd64-cygwin\jdk8u5\2488\hotspot\src\share\vm\prims\jvm.cpp, line 1248]
Event: 2.053 Thread 0x0000000016375000 Exception <a 'java/security/PrivilegedActionException'> (0x00000000ead5a510) thrown at [D:\re\workspace\8-2-build-windows-amd64-cygwin\jdk8u5\2488\hotspot\src\share\vm\prims\jvm.cpp, line 1248]
Event: 2.057 Thread 0x0000000002210800 Exception <a 'java/security/PrivilegedActionException'> (0x00000000ead6fa88) thrown at [D:\re\workspace\8-2-build-windows-amd64-cygwin\jdk8u5\2488\hotspot\src\share\vm\prims\jvm.cpp, line 1248]
Event: 2.067 Thread 0x0000000002210800 Exception <a 'java/security/PrivilegedActionException'> (0x00000000eada7190) thrown at [D:\re\workspace\8-2-build-windows-amd64-cygwin\jdk8u5\2488\hotspot\src\share\vm\prims\jvm.cpp, line 1248]

Events (10 events):
Event: 2.056 loading class java/util/TreeMap$EntrySet
Event: 2.056 loading class java/util/TreeMap$EntrySet done
Event: 2.056 loading class java/util/TreeMap$EntryIterator
Event: 2.056 loading class java/util/TreeMap$EntryIterator done
Event: 2.056 loading class com/android/dx/ssa/PhiInsn$Operand
Event: 2.056 loading class com/android/dx/ssa/PhiInsn$Operand done
Event: 2.067 loading class com/android/dx/ssa/back/FirstFitLocalCombiningAllocator$Multiset
Event: 2.067 loading class com/android/dx/ssa/back/FirstFitLocalCombiningAllocator$Multiset done
Event: 2.217 Executing VM operation: ParallelGCFailedAllocation
Event: 2.343 Executing VM operation: ParallelGCFailedAllocation done


Dynamic libraries:
0x00007ff60c600000 - 0x00007ff60c634000 	C:\Program Files\Java\jdk1.8.0_05\bin\java.exe
0x00007ffd956c0000 - 0x00007ffd95881000 	C:\WINDOWS\SYSTEM32\ntdll.dll
0x00007ffd92ff0000 - 0x00007ffd9309d000 	C:\WINDOWS\system32\KERNEL32.DLL
0x00007ffd91e30000 - 0x00007ffd92018000 	C:\WINDOWS\system32\KERNELBASE.dll
0x00007ffd94c30000 - 0x00007ffd94cd7000 	C:\WINDOWS\system32\ADVAPI32.dll
0x00007ffd934e0000 - 0x00007ffd9357d000 	C:\WINDOWS\system32\msvcrt.dll
0x00007ffd92cd0000 - 0x00007ffd92d2b000 	C:\WINDOWS\system32\sechost.dll
0x00007ffd92ac0000 - 0x00007ffd92bdc000 	C:\WINDOWS\system32\RPCRT4.dll
0x00007ffd93110000 - 0x00007ffd93266000 	C:\WINDOWS\system32\USER32.dll
0x00007ffd94ce0000 - 0x00007ffd94e66000 	C:\WINDOWS\system32\GDI32.dll
0x00007ffd88500000 - 0x00007ffd88774000 	C:\WINDOWS\WinSxS\amd64_microsoft.windows.common-controls_6595b64144ccf1df_6.0.10586.0_none_8c15ae12515e1c22\COMCTL32.dll
0x00007ffd94f90000 - 0x00007ffd9520d000 	C:\WINDOWS\system32\combase.dll
0x00007ffd92670000 - 0x00007ffd926da000 	C:\WINDOWS\system32\bcryptPrimitives.dll
0x00007ffd93270000 - 0x00007ffd932ab000 	C:\WINDOWS\system32\IMM32.DLL
0x0000000077c40000 - 0x0000000077d12000 	C:\Program Files\Java\jdk1.8.0_05\jre\bin\msvcr100.dll
0x00000000503e0000 - 0x0000000050c0a000 	C:\Program Files\Java\jdk1.8.0_05\jre\bin\server\jvm.dll
0x00007ffd95210000 - 0x00007ffd95218000 	C:\WINDOWS\system32\PSAPI.DLL
0x00007ffd8fc60000 - 0x00007ffd8fc83000 	C:\WINDOWS\SYSTEM32\WINMM.dll
0x00007ffd871d0000 - 0x00007ffd871d9000 	C:\WINDOWS\SYSTEM32\WSOCK32.dll
0x00007ffd8fc00000 - 0x00007ffd8fc2c000 	C:\WINDOWS\SYSTEM32\WINMMBASE.dll
0x00007ffd92a70000 - 0x00007ffd92ab3000 	C:\WINDOWS\system32\cfgmgr32.dll
0x00007ffd930a0000 - 0x00007ffd9310b000 	C:\WINDOWS\system32\WS2_32.dll
0x0000000050f20000 - 0x0000000050f2f000 	C:\Program Files\Java\jdk1.8.0_05\jre\bin\verify.dll
0x00000000502d0000 - 0x00000000502f8000 	C:\Program Files\Java\jdk1.8.0_05\jre\bin\java.dll
0x00000000502b0000 - 0x00000000502c6000 	C:\Program Files\Java\jdk1.8.0_05\jre\bin\zip.dll
0x00007ffd93580000 - 0x00007ffd94adc000 	C:\WINDOWS\system32\SHELL32.dll
0x00007ffd92020000 - 0x00007ffd92665000 	C:\WINDOWS\system32\windows.storage.dll
0x00007ffd94f20000 - 0x00007ffd94f72000 	C:\WINDOWS\system32\shlwapi.dll
0x00007ffd91d60000 - 0x00007ffd91d6f000 	C:\WINDOWS\system32\kernel.appcore.dll
0x00007ffd91d70000 - 0x00007ffd91e25000 	C:\WINDOWS\system32\shcore.dll
0x00007ffd91d00000 - 0x00007ffd91d4b000 	C:\WINDOWS\system32\powrprof.dll
0x00007ffd91ce0000 - 0x00007ffd91cf4000 	C:\WINDOWS\system32\profapi.dll
0x00007ffd8e920000 - 0x00007ffd8eaac000 	C:\WINDOWS\SYSTEM32\dbghelp.dll

VM Arguments:
jvm_args: -Djava.awt.headless=true -Xmx1024M -Dfile.encoding=windows-1256 -Duser.country=US -Duser.language=en -Duser.variant 
java_command: com.android.dx.command.Main --dex --num-threads=4 --output C:\Users\KiMoo\Desktop\SocyleRegistrationLogInapplication\app\build\intermediates\pre-dexed\debug\com.android.support-appcompat-v7-22.2.1_61dec15928f7942ad22697bf7c32bebe00150e21.jar C:\Users\KiMoo\Desktop\SocyleRegistrationLogInapplication\app\build\intermediates\exploded-aar\com.android.support\appcompat-v7\22.2.1\jars\classes.jar
java_class_path (initial): C:\Users\KiMoo\AppData\Local\Android\sdk\build-tools\23.0.2\lib\dx.jar
Launcher Type: SUN_STANDARD

Environment Variables:
PATH=C:\Program Files\Broadcom\Broadcom 802.11\Driver;C:\ProgramData\Oracle\Java\javapath;c:\Program Files (x86)\AMD APP\bin\x86_64;c:\Program Files (x86)\AMD APP\bin\x86;C:\WINDOWS\system32;C:\WINDOWS;C:\WINDOWS\System32\Wbem;C:\WINDOWS\System32\WindowsPowerShell\v1.0\;c:\Program Files (x86)\ATI Technologies\ATI.ACE\Core-Static;C:\Program Files (x86)\ATI Technologies\ATI.ACE\Core-Static;H:\Metlab\runtime\win64;H:\Metlab\bin
USERNAME=KiMoo
OS=Windows_NT
PROCESSOR_IDENTIFIER=Intel64 Family 6 Model 42 Stepping 7, GenuineIntel



---------------  S Y S T E M  ---------------

OS: Windows 8.1 , 64 bit Build 9600 

CPU:total 4 (2 cores per cpu, 2 threads per core) family 6 model 42 stepping 7, cmov, cx8, fxsr, mmx, sse, sse2, sse3, ssse3, sse4.1, sse4.2, popcnt, avx, aes, clmul, ht, tsc, tscinvbit

Memory: 4k page, physical 6238060k(601608k free), swap 8453536k(24k free)

vm_info: Java HotSpot(TM) 64-Bit Server VM (25.5-b02) for windows-amd64 JRE (1.8.0_05-b13), built on Mar 18 2014 01:08:39 by "java_re" with MS VC++ 10.0 (VS2010)

time: Wed Jun 15 23:15:26 2016
elapsed time: 2 seconds

