#
# There is insufficient memory for the Java Runtime Environment to continue.
# Native memory allocation (malloc) failed to allocate 1559376 bytes for Chunk::new
# Possible reasons:
#   The system is out of physical RAM or swap space
#   In 32 bit mode, the process size limit was hit
# Possible solutions:
#   Reduce memory load on the system
#   Increase physical memory or swap space
#   Check if swap backing store is full
#   Use 64 bit Java on a 64 bit OS
#   Decrease Java heap size (-Xmx/-Xms)
#   Decrease number of Java threads
#   Decrease Java thread stack sizes (-Xss)
#   Set larger code cache with -XX:ReservedCodeCacheSize=
# This output file may be truncated or incomplete.
#
#  Out of Memory Error (allocation.cpp:388), pid=2392, tid=1036
#
# JRE version: Java(TM) SE Runtime Environment (8.0_05-b13) (build 1.8.0_05-b13)
# Java VM: Java HotSpot(TM) 64-Bit Server VM (25.5-b02 mixed mode windows-amd64 compressed oops)
# Failed to write core dump. Minidumps are not enabled by default on client versions of Windows
#

---------------  T H R E A D  ---------------

Current thread (0x0000000014a8b800):  JavaThread "C2 CompilerThread0" daemon [_thread_in_native, id=1036, stack(0x0000000015fa0000,0x00000000160a0000)]

Stack: [0x0000000015fa0000,0x00000000160a0000]
Native frames: (J=compiled Java code, j=interpreted, Vv=VM code, C=native code)
V  [jvm.dll+0x308dea]
V  [jvm.dll+0x25def1]
V  [jvm.dll+0x25eb0f]
V  [jvm.dll+0x2564e5]
V  [jvm.dll+0xbcfc5]
V  [jvm.dll+0xbd45c]
V  [jvm.dll+0x44d422]
V  [jvm.dll+0x48e13f]
V  [jvm.dll+0x4425d0]
V  [jvm.dll+0x44366b]
V  [jvm.dll+0x427532]
V  [jvm.dll+0x96702]
V  [jvm.dll+0x96ef3]
V  [jvm.dll+0x2232c4]
V  [jvm.dll+0x27baca]
C  [msvcr100.dll+0x21d9f]
C  [msvcr100.dll+0x21e3b]
C  [KERNEL32.DLL+0x18102]
C  [ntdll.dll+0x5c5b4]


Current CompileTask:
C2:   6756 1721   !   4       com.android.dx.cf.code.BytecodeArray::parseInstruction (2764 bytes)


---------------  P R O C E S S  ---------------

Java Threads: ( => current thread )
  0x0000000016547800 JavaThread "pool-1-thread-4" [_thread_blocked, id=2956, stack(0x00000000174a0000,0x00000000175a0000)]
  0x0000000016574800 JavaThread "pool-1-thread-3" [_thread_blocked, id=5164, stack(0x00000000173a0000,0x00000000174a0000)]
  0x0000000016573800 JavaThread "pool-1-thread-2" [_thread_in_Java, id=4316, stack(0x00000000172a0000,0x00000000173a0000)]
  0x000000001658e800 JavaThread "pool-2-thread-1" [_thread_blocked, id=2776, stack(0x00000000171a0000,0x00000000172a0000)]
  0x000000001658b800 JavaThread "pool-1-thread-1" [_thread_blocked, id=3204, stack(0x00000000170a0000,0x00000000171a0000)]
  0x0000000016319000 JavaThread "Service Thread" daemon [_thread_blocked, id=5040, stack(0x00000000166a0000,0x00000000167a0000)]
  0x0000000014a95800 JavaThread "C1 CompilerThread2" daemon [_thread_blocked, id=7868, stack(0x00000000161a0000,0x00000000162a0000)]
  0x0000000014a8f000 JavaThread "C2 CompilerThread1" daemon [_thread_in_native, id=8064, stack(0x00000000160a0000,0x00000000161a0000)]
=>0x0000000014a8b800 JavaThread "C2 CompilerThread0" daemon [_thread_in_native, id=1036, stack(0x0000000015fa0000,0x00000000160a0000)]
  0x0000000014a8a000 JavaThread "Attach Listener" daemon [_thread_blocked, id=7732, stack(0x0000000015ea0000,0x0000000015fa0000)]
  0x0000000014a89800 JavaThread "Signal Dispatcher" daemon [_thread_blocked, id=7912, stack(0x0000000015da0000,0x0000000015ea0000)]
  0x0000000002364800 JavaThread "Finalizer" daemon [_thread_blocked, id=2172, stack(0x0000000015ca0000,0x0000000015da0000)]
  0x0000000014a07800 JavaThread "Reference Handler" daemon [_thread_blocked, id=6968, stack(0x0000000015ba0000,0x0000000015ca0000)]
  0x0000000002270800 JavaThread "main" [_thread_blocked, id=3640, stack(0x0000000002170000,0x0000000002270000)]

Other Threads:
  0x0000000014a05800 VMThread [stack: 0x0000000015aa0000,0x0000000015ba0000] [id=5676]
  0x0000000016324000 WatcherThread [stack: 0x00000000167a0000,0x00000000168a0000] [id=7800]

VM state:not at safepoint (normal execution)

VM Mutex/Monitor currently owned by a thread: None

Heap:
 PSYoungGen      total 24576K, used 16955K [0x00000000eab00000, 0x00000000ec600000, 0x0000000100000000)
  eden space 21504K, 64% used [0x00000000eab00000,0x00000000eb88fc18,0x00000000ec000000)
  from space 3072K, 99% used [0x00000000ec000000,0x00000000ec2ff050,0x00000000ec300000)
  to   space 3072K, 0% used [0x00000000ec300000,0x00000000ec300000,0x00000000ec600000)
 ParOldGen       total 96768K, used 13366K [0x00000000c0000000, 0x00000000c5e80000, 0x00000000eab00000)
  object space 96768K, 13% used [0x00000000c0000000,0x00000000c0d0db18,0x00000000c5e80000)
 Metaspace       used 6096K, capacity 7000K, committed 7168K, reserved 1058816K
  class space    used 616K, capacity 656K, committed 768K, reserved 1048576K

Card table byte_map: [0x0000000011730000,0x0000000011940000] byte_map_base: 0x0000000011130000

Marking Bits: (ParMarkBitMap*) 0x0000000050b913b0
 Begin Bits: [0x0000000011ea0000, 0x0000000012ea0000)
 End Bits:   [0x0000000012ea0000, 0x0000000013ea0000)

Polling page: 0x0000000000810000

CodeCache: size=245760Kb used=7072Kb max_used=7074Kb free=238688Kb
 bounds [0x0000000002370000, 0x0000000002a60000, 0x0000000011370000]
 total_blobs=1964 nmethods=1699 adapters=178
 compilation: enabled

Compilation events (10 events):
Event: 6.550 Thread 0x0000000014a95800 1736       1       com.android.dx.ssa.PhiInsn::getOriginalRopInsn (2 bytes)
Event: 6.550 Thread 0x0000000014a95800 nmethod 1736 0x0000000002a4fcd0 code [0x0000000002a4fe20, 0x0000000002a4ff30]
Event: 6.550 Thread 0x0000000014a95800 1737       2       com.android.dx.ssa.PhiTypeResolver::resolveResultType (308 bytes)
Event: 6.555 Thread 0x0000000014a95800 nmethod 1737 0x0000000002a4dc90 code [0x0000000002a4df60, 0x0000000002a4ed58]
Event: 6.604 Thread 0x0000000014a95800 1739       2       com.android.dx.ssa.SsaInsn::getLocalAssignment (24 bytes)
Event: 6.605 Thread 0x0000000014a95800 nmethod 1739 0x0000000002a4d910 code [0x0000000002a4da60, 0x0000000002a4dbf0]
Event: 6.617 Thread 0x0000000014a95800 1740       2       com.android.dx.ssa.back.FirstFitLocalCombiningAllocator::rangeContainsReserved (30 bytes)
Event: 6.618 Thread 0x0000000014a95800 nmethod 1740 0x0000000002a4d450 code [0x0000000002a4d5c0, 0x0000000002a4d7e8]
Event: 6.626 Thread 0x0000000014a95800 1741       2       com.android.dx.cf.code.LocalVariableList$Item::matchesAllButType (53 bytes)
Event: 6.626 Thread 0x0000000014a95800 nmethod 1741 0x0000000002a4cf50 code [0x0000000002a4d0c0, 0x0000000002a4d2e8]

GC Heap History (10 events):
Event: 4.235 GC heap before
{Heap before GC invocations=13 (full 0):
 PSYoungGen      total 10240K, used 9476K [0x00000000eab00000, 0x00000000eb700000, 0x0000000100000000)
  eden space 8192K, 99% used [0x00000000eab00000,0x00000000eb2ffb00,0x00000000eb300000)
  from space 2048K, 62% used [0x00000000eb500000,0x00000000eb641700,0x00000000eb700000)
  to   space 2048K, 0% used [0x00000000eb300000,0x00000000eb300000,0x00000000eb500000)
 ParOldGen       total 96768K, used 5118K [0x00000000c0000000, 0x00000000c5e80000, 0x00000000eab00000)
  object space 96768K, 5% used [0x00000000c0000000,0x00000000c04ffa60,0x00000000c5e80000)
 Metaspace       used 5861K, capacity 6832K, committed 7040K, reserved 1058816K
  class space    used 595K, capacity 616K, committed 640K, reserved 1048576K
Event: 4.311 GC heap after
Heap after GC invocations=13 (full 0):
 PSYoungGen      total 10240K, used 1536K [0x00000000eab00000, 0x00000000ebd00000, 0x0000000100000000)
  eden space 8192K, 0% used [0x00000000eab00000,0x00000000eab00000,0x00000000eb300000)
  from space 2048K, 75% used [0x00000000eb300000,0x00000000eb480010,0x00000000eb500000)
  to   space 2560K, 0% used [0x00000000eba80000,0x00000000eba80000,0x00000000ebd00000)
 ParOldGen       total 96768K, used 6174K [0x00000000c0000000, 0x00000000c5e80000, 0x00000000eab00000)
  object space 96768K, 6% used [0x00000000c0000000,0x00000000c0607ad0,0x00000000c5e80000)
 Metaspace       used 5861K, capacity 6832K, committed 7040K, reserved 1058816K
  class space    used 595K, capacity 616K, committed 640K, reserved 1048576K
}
Event: 4.615 GC heap before
{Heap before GC invocations=14 (full 0):
 PSYoungGen      total 10240K, used 9728K [0x00000000eab00000, 0x00000000ebd00000, 0x0000000100000000)
  eden space 8192K, 100% used [0x00000000eab00000,0x00000000eb300000,0x00000000eb300000)
  from space 2048K, 75% used [0x00000000eb300000,0x00000000eb480010,0x00000000eb500000)
  to   space 2560K, 0% used [0x00000000eba80000,0x00000000eba80000,0x00000000ebd00000)
 ParOldGen       total 96768K, used 6174K [0x00000000c0000000, 0x00000000c5e80000, 0x00000000eab00000)
  object space 96768K, 6% used [0x00000000c0000000,0x00000000c0607ad0,0x00000000c5e80000)
 Metaspace       used 5900K, capacity 6896K, committed 7040K, reserved 1058816K
  class space    used 595K, capacity 616K, committed 640K, reserved 1048576K
Event: 4.780 GC heap after
Heap after GC invocations=14 (full 0):
 PSYoungGen      total 15872K, used 1760K [0x00000000eab00000, 0x00000000ebd00000, 0x0000000100000000)
  eden space 13312K, 0% used [0x00000000eab00000,0x00000000eab00000,0x00000000eb800000)
  from space 2560K, 68% used [0x00000000eba80000,0x00000000ebc38000,0x00000000ebd00000)
  to   space 2560K, 0% used [0x00000000eb800000,0x00000000eb800000,0x00000000eba80000)
 ParOldGen       total 96768K, used 7519K [0x00000000c0000000, 0x00000000c5e80000, 0x00000000eab00000)
  object space 96768K, 7% used [0x00000000c0000000,0x00000000c0757e30,0x00000000c5e80000)
 Metaspace       used 5900K, capacity 6896K, committed 7040K, reserved 1058816K
  class space    used 595K, capacity 616K, committed 640K, reserved 1048576K
}
Event: 5.106 GC heap before
{Heap before GC invocations=15 (full 0):
 PSYoungGen      total 15872K, used 15072K [0x00000000eab00000, 0x00000000ebd00000, 0x0000000100000000)
  eden space 13312K, 100% used [0x00000000eab00000,0x00000000eb800000,0x00000000eb800000)
  from space 2560K, 68% used [0x00000000eba80000,0x00000000ebc38000,0x00000000ebd00000)
  to   space 2560K, 0% used [0x00000000eb800000,0x00000000eb800000,0x00000000eba80000)
 ParOldGen       total 96768K, used 7519K [0x00000000c0000000, 0x00000000c5e80000, 0x00000000eab00000)
  object space 96768K, 7% used [0x00000000c0000000,0x00000000c0757e30,0x00000000c5e80000)
 Metaspace       used 6041K, capacity 7000K, committed 7168K, reserved 1058816K
  class space    used 615K, capacity 656K, committed 768K, reserved 1048576K
Event: 5.116 GC heap after
Heap after GC invocations=15 (full 0):
 PSYoungGen      total 15872K, used 2526K [0x00000000eab00000, 0x00000000ec600000, 0x0000000100000000)
  eden space 13312K, 0% used [0x00000000eab00000,0x00000000eab00000,0x00000000eb800000)
  from space 2560K, 98% used [0x00000000eb800000,0x00000000eba77950,0x00000000eba80000)
  to   space 3072K, 0% used [0x00000000ec300000,0x00000000ec300000,0x00000000ec600000)
 ParOldGen       total 96768K, used 8671K [0x00000000c0000000, 0x00000000c5e80000, 0x00000000eab00000)
  object space 96768K, 8% used [0x00000000c0000000,0x00000000c0877d10,0x00000000c5e80000)
 Metaspace       used 6041K, capacity 7000K, committed 7168K, reserved 1058816K
  class space    used 615K, capacity 656K, committed 768K, reserved 1048576K
}
Event: 5.465 GC heap before
{Heap before GC invocations=16 (full 0):
 PSYoungGen      total 15872K, used 15838K [0x00000000eab00000, 0x00000000ec600000, 0x0000000100000000)
  eden space 13312K, 100% used [0x00000000eab00000,0x00000000eb800000,0x00000000eb800000)
  from space 2560K, 98% used [0x00000000eb800000,0x00000000eba77950,0x00000000eba80000)
  to   space 3072K, 0% used [0x00000000ec300000,0x00000000ec300000,0x00000000ec600000)
 ParOldGen       total 96768K, used 8671K [0x00000000c0000000, 0x00000000c5e80000, 0x00000000eab00000)
  object space 96768K, 8% used [0x00000000c0000000,0x00000000c0877d10,0x00000000c5e80000)
 Metaspace       used 6052K, capacity 7000K, committed 7168K, reserved 1058816K
  class space    used 615K, capacity 656K, committed 768K, reserved 1048576K
Event: 5.528 GC heap after
Heap after GC invocations=16 (full 0):
 PSYoungGen      total 24576K, used 2176K [0x00000000eab00000, 0x00000000ec600000, 0x0000000100000000)
  eden space 21504K, 0% used [0x00000000eab00000,0x00000000eab00000,0x00000000ec000000)
  from space 3072K, 70% used [0x00000000ec300000,0x00000000ec520000,0x00000000ec600000)
  to   space 3072K, 0% used [0x00000000ec000000,0x00000000ec000000,0x00000000ec300000)
 ParOldGen       total 96768K, used 10720K [0x00000000c0000000, 0x00000000c5e80000, 0x00000000eab00000)
  object space 96768K, 11% used [0x00000000c0000000,0x00000000c0a78070,0x00000000c5e80000)
 Metaspace       used 6052K, capacity 7000K, committed 7168K, reserved 1058816K
  class space    used 615K, capacity 656K, committed 768K, reserved 1048576K
}
Event: 6.358 GC heap before
{Heap before GC invocations=17 (full 0):
 PSYoungGen      total 24576K, used 23680K [0x00000000eab00000, 0x00000000ec600000, 0x0000000100000000)
  eden space 21504K, 100% used [0x00000000eab00000,0x00000000ec000000,0x00000000ec000000)
  from space 3072K, 70% used [0x00000000ec300000,0x00000000ec520000,0x00000000ec600000)
  to   space 3072K, 0% used [0x00000000ec000000,0x00000000ec000000,0x00000000ec300000)
 ParOldGen       total 96768K, used 10720K [0x00000000c0000000, 0x00000000c5e80000, 0x00000000eab00000)
  object space 96768K, 11% used [0x00000000c0000000,0x00000000c0a78070,0x00000000c5e80000)
 Metaspace       used 6082K, capacity 7000K, committed 7168K, reserved 1058816K
  class space    used 616K, capacity 656K, committed 768K, reserved 1048576K
Event: 6.449 GC heap after
Heap after GC invocations=17 (full 0):
 PSYoungGen      total 24576K, used 3068K [0x00000000eab00000, 0x00000000ec600000, 0x0000000100000000)
  eden space 21504K, 0% used [0x00000000eab00000,0x00000000eab00000,0x00000000ec000000)
  from space 3072K, 99% used [0x00000000ec000000,0x00000000ec2ff050,0x00000000ec300000)
  to   space 3072K, 0% used [0x00000000ec300000,0x00000000ec300000,0x00000000ec600000)
 ParOldGen       total 96768K, used 13366K [0x00000000c0000000, 0x00000000c5e80000, 0x00000000eab00000)
  object space 96768K, 13% used [0x00000000c0000000,0x00000000c0d0db18,0x00000000c5e80000)
 Metaspace       used 6082K, capacity 7000K, committed 7168K, reserved 1058816K
  class space    used 616K, capacity 656K, committed 768K, reserved 1048576K
}

Deoptimization events (10 events):
Event: 4.890 Thread 0x0000000016547800 Uncommon trap: reason=unreached action=reinterpret pc=0x00000000025b7230 method=java.util.HashMap.getNode(ILjava/lang/Object;)Ljava/util/HashMap$Node; @ 84
Event: 4.890 Thread 0x0000000016547800 Uncommon trap: reason=unreached action=reinterpret pc=0x00000000027bf8dc method=java.util.HashMap.putVal(ILjava/lang/Object;Ljava/lang/Object;ZZ)Ljava/lang/Object; @ 109
Event: 5.433 Thread 0x0000000016547800 Uncommon trap: reason=unreached action=reinterpret pc=0x0000000002983204 method=com.android.dx.ssa.SsaRenamer$BlockRenamer.process()V @ 90
Event: 6.047 Thread 0x0000000016573800 Uncommon trap: reason=bimorphic action=maybe_recompile pc=0x0000000002a13bec method=com.android.dx.cf.code.BytecodeArray.parseInstruction(ILcom/android/dx/cf/code/BytecodeArray$Visitor;)I @ 939
Event: 6.048 Thread 0x0000000016573800 Uncommon trap: reason=bimorphic action=maybe_recompile pc=0x0000000002a13bec method=com.android.dx.cf.code.BytecodeArray.parseInstruction(ILcom/android/dx/cf/code/BytecodeArray$Visitor;)I @ 939
Event: 6.057 Thread 0x0000000016573800 Uncommon trap: reason=bimorphic action=maybe_recompile pc=0x0000000002a13bec method=com.android.dx.cf.code.BytecodeArray.parseInstruction(ILcom/android/dx/cf/code/BytecodeArray$Visitor;)I @ 939
Event: 6.058 Thread 0x0000000016573800 Uncommon trap: reason=bimorphic action=maybe_recompile pc=0x0000000002a13bec method=com.android.dx.cf.code.BytecodeArray.parseInstruction(ILcom/android/dx/cf/code/BytecodeArray$Visitor;)I @ 939
Event: 6.070 Thread 0x0000000016574800 Uncommon trap: reason=unreached action=reinterpret pc=0x0000000002959380 method=com.android.dx.ssa.SCCP.simulateBranch(Lcom/android/dx/ssa/SsaInsn;)V @ 132
Event: 6.071 Thread 0x0000000016574800 Uncommon trap: reason=unloaded action=reinterpret pc=0x000000000288a870 method=com.android.dx.ssa.LiteralOpUpgrader$1.visitNonMoveInsn(Lcom/android/dx/ssa/NormalSsaInsn;)V @ 72
Event: 6.076 Thread 0x0000000016574800 Uncommon trap: reason=unreached action=reinterpret pc=0x0000000002785b5c method=com.android.dx.ssa.SsaMethod.updateOneDefinition(Lcom/android/dx/ssa/SsaInsn;Lcom/android/dx/rop/code/RegisterSpec;)V @ 4

Internal exceptions (10 events):
Event: 1.659 Thread 0x0000000016574800 Exception <a 'java/security/PrivilegedActionException'> (0x00000000eabe12e8) thrown at [D:\re\workspace\8-2-build-windows-amd64-cygwin\jdk8u5\2488\hotspot\src\share\vm\prims\jvm.cpp, line 1248]
Event: 1.738 Thread 0x0000000002270800 Exception <a 'java/security/PrivilegedActionException'> (0x00000000ead04c30) thrown at [D:\re\workspace\8-2-build-windows-amd64-cygwin\jdk8u5\2488\hotspot\src\share\vm\prims\jvm.cpp, line 1248]
Event: 1.747 Thread 0x0000000002270800 Exception <a 'java/security/PrivilegedActionException'> (0x00000000ead1d1c8) thrown at [D:\re\workspace\8-2-build-windows-amd64-cygwin\jdk8u5\2488\hotspot\src\share\vm\prims\jvm.cpp, line 1248]
Event: 1.774 Thread 0x000000001658b800 Exception <a 'java/security/PrivilegedActionException'> (0x00000000ead96780) thrown at [D:\re\workspace\8-2-build-windows-amd64-cygwin\jdk8u5\2488\hotspot\src\share\vm\prims\jvm.cpp, line 1248]
Event: 4.437 Thread 0x0000000002270800 Exception <a 'java/security/PrivilegedActionException'> (0x00000000eafd5c18) thrown at [D:\re\workspace\8-2-build-windows-amd64-cygwin\jdk8u5\2488\hotspot\src\share\vm\prims\jvm.cpp, line 1248]
Event: 4.842 Thread 0x0000000002270800 Exception <a 'java/lang/ArrayIndexOutOfBoundsException': 18> (0x00000000eae7f220) thrown at [D:\re\workspace\8-2-build-windows-amd64-cygwin\jdk8u5\2488\hotspot\src\share\vm\interpreter\interpreterRuntime.cpp, line 337]
Event: 4.843 Thread 0x0000000002270800 Exception <a 'java/lang/ArrayIndexOutOfBoundsException': 145> (0x00000000eae80cb8) thrown at [D:\re\workspace\8-2-build-windows-amd64-cygwin\jdk8u5\2488\hotspot\src\share\vm\interpreter\interpreterRuntime.cpp, line 337]
Event: 4.845 Thread 0x0000000002270800 Exception <a 'java/lang/ArrayIndexOutOfBoundsException': 40> (0x00000000eae81ed0) thrown at [D:\re\workspace\8-2-build-windows-amd64-cygwin\jdk8u5\2488\hotspot\src\share\vm\interpreter\interpreterRuntime.cpp, line 337]
Event: 5.936 Thread 0x000000001658b800 Exception <a 'java/security/PrivilegedActionException'> (0x00000000eb5419c8) thrown at [D:\re\workspace\8-2-build-windows-amd64-cygwin\jdk8u5\2488\hotspot\src\share\vm\prims\jvm.cpp, line 1248]
Event: 6.071 Thread 0x0000000016574800 Exception <a 'java/security/PrivilegedActionException'> (0x00000000ebc9f978) thrown at [D:\re\workspace\8-2-build-windows-amd64-cygwin\jdk8u5\2488\hotspot\src\share\vm\prims\jvm.cpp, line 1248]

Events (10 events):
Event: 6.071 loading class com/android/dx/rop/code/RegOps done
Event: 6.076 Thread 0x0000000016574800 DEOPT PACKING pc=0x000000000288a870 sp=0x000000001749ee00
Event: 6.076 Thread 0x0000000016574800 DEOPT UNPACKING pc=0x00000000023b55af sp=0x000000001749edb8 mode 2
Event: 6.076 Thread 0x0000000016574800 Uncommon trap: trap_request=0xffffffad fr.pc=0x0000000002785b5c
Event: 6.076 Thread 0x0000000016574800 DEOPT PACKING pc=0x0000000002785b5c sp=0x000000001749ec30
Event: 6.076 Thread 0x0000000016574800 DEOPT UNPACKING pc=0x00000000023b55af sp=0x000000001749ebd8 mode 2
Event: 6.135 Thread 0x0000000002270800 DEOPT PACKING pc=0x0000000002a0d169 sp=0x000000000226ec10
Event: 6.135 Thread 0x0000000002270800 DEOPT UNPACKING pc=0x00000000023b7604 sp=0x000000000226e9d0 mode 0
Event: 6.357 Executing VM operation: ParallelGCFailedAllocation
Event: 6.449 Executing VM operation: ParallelGCFailedAllocation done


Dynamic libraries:
0x00007ff60c600000 - 0x00007ff60c634000 	C:\Program Files\Java\jdk1.8.0_05\bin\java.exe
0x00007ffd956c0000 - 0x00007ffd95881000 	C:\WINDOWS\SYSTEM32\ntdll.dll
0x00007ffd92ff0000 - 0x00007ffd9309d000 	C:\WINDOWS\system32\KERNEL32.DLL
0x00007ffd91e30000 - 0x00007ffd92018000 	C:\WINDOWS\system32\KERNELBASE.dll
0x00007ffd94c30000 - 0x00007ffd94cd7000 	C:\WINDOWS\system32\ADVAPI32.dll
0x00007ffd934e0000 - 0x00007ffd9357d000 	C:\WINDOWS\system32\msvcrt.dll
0x00007ffd92cd0000 - 0x00007ffd92d2b000 	C:\WINDOWS\system32\sechost.dll
0x00007ffd92ac0000 - 0x00007ffd92bdc000 	C:\WINDOWS\system32\RPCRT4.dll
0x00007ffd93110000 - 0x00007ffd93266000 	C:\WINDOWS\system32\USER32.dll
0x00007ffd94ce0000 - 0x00007ffd94e66000 	C:\WINDOWS\system32\GDI32.dll
0x00007ffd88500000 - 0x00007ffd88774000 	C:\WINDOWS\WinSxS\amd64_microsoft.windows.common-controls_6595b64144ccf1df_6.0.10586.0_none_8c15ae12515e1c22\COMCTL32.dll
0x00007ffd94f90000 - 0x00007ffd9520d000 	C:\WINDOWS\system32\combase.dll
0x00007ffd92670000 - 0x00007ffd926da000 	C:\WINDOWS\system32\bcryptPrimitives.dll
0x00007ffd93270000 - 0x00007ffd932ab000 	C:\WINDOWS\system32\IMM32.DLL
0x0000000077c40000 - 0x0000000077d12000 	C:\Program Files\Java\jdk1.8.0_05\jre\bin\msvcr100.dll
0x00000000503e0000 - 0x0000000050c0a000 	C:\Program Files\Java\jdk1.8.0_05\jre\bin\server\jvm.dll
0x00007ffd95210000 - 0x00007ffd95218000 	C:\WINDOWS\system32\PSAPI.DLL
0x00007ffd871d0000 - 0x00007ffd871d9000 	C:\WINDOWS\SYSTEM32\WSOCK32.dll
0x00007ffd8fc60000 - 0x00007ffd8fc83000 	C:\WINDOWS\SYSTEM32\WINMM.dll
0x00007ffd930a0000 - 0x00007ffd9310b000 	C:\WINDOWS\system32\WS2_32.dll
0x00007ffd8fc00000 - 0x00007ffd8fc2c000 	C:\WINDOWS\SYSTEM32\WINMMBASE.dll
0x00007ffd92a70000 - 0x00007ffd92ab3000 	C:\WINDOWS\system32\cfgmgr32.dll
0x0000000050f20000 - 0x0000000050f2f000 	C:\Program Files\Java\jdk1.8.0_05\jre\bin\verify.dll
0x00000000502d0000 - 0x00000000502f8000 	C:\Program Files\Java\jdk1.8.0_05\jre\bin\java.dll
0x00000000502b0000 - 0x00000000502c6000 	C:\Program Files\Java\jdk1.8.0_05\jre\bin\zip.dll
0x00007ffd93580000 - 0x00007ffd94adc000 	C:\WINDOWS\system32\SHELL32.dll
0x00007ffd92020000 - 0x00007ffd92665000 	C:\WINDOWS\system32\windows.storage.dll
0x00007ffd94f20000 - 0x00007ffd94f72000 	C:\WINDOWS\system32\shlwapi.dll
0x00007ffd91d60000 - 0x00007ffd91d6f000 	C:\WINDOWS\system32\kernel.appcore.dll
0x00007ffd91d70000 - 0x00007ffd91e25000 	C:\WINDOWS\system32\shcore.dll
0x00007ffd91d00000 - 0x00007ffd91d4b000 	C:\WINDOWS\system32\powrprof.dll
0x00007ffd91ce0000 - 0x00007ffd91cf4000 	C:\WINDOWS\system32\profapi.dll
0x00007ffd8e920000 - 0x00007ffd8eaac000 	C:\WINDOWS\SYSTEM32\dbghelp.dll

VM Arguments:
jvm_args: -Djava.awt.headless=true -Xmx1024M -Dfile.encoding=windows-1256 -Duser.country=US -Duser.language=en -Duser.variant 
java_command: com.android.dx.command.Main --dex --num-threads=4 --output C:\Users\KiMoo\Desktop\SocyleRegistrationLogInapplication\app\build\intermediates\pre-dexed\debug\com.android.support-appcompat-v7-22.2.1_61dec15928f7942ad22697bf7c32bebe00150e21.jar C:\Users\KiMoo\Desktop\SocyleRegistrationLogInapplication\app\build\intermediates\exploded-aar\com.android.support\appcompat-v7\22.2.1\jars\classes.jar
java_class_path (initial): C:\Users\KiMoo\AppData\Local\Android\sdk\build-tools\23.0.2\lib\dx.jar
Launcher Type: SUN_STANDARD

Environment Variables:
PATH=C:\Program Files\Broadcom\Broadcom 802.11\Driver;C:\ProgramData\Oracle\Java\javapath;c:\Program Files (x86)\AMD APP\bin\x86_64;c:\Program Files (x86)\AMD APP\bin\x86;C:\WINDOWS\system32;C:\WINDOWS;C:\WINDOWS\System32\Wbem;C:\WINDOWS\System32\WindowsPowerShell\v1.0\;c:\Program Files (x86)\ATI Technologies\ATI.ACE\Core-Static;C:\Program Files (x86)\ATI Technologies\ATI.ACE\Core-Static;H:\Metlab\runtime\win64;H:\Metlab\bin
USERNAME=KiMoo
OS=Windows_NT
PROCESSOR_IDENTIFIER=Intel64 Family 6 Model 42 Stepping 7, GenuineIntel



---------------  S Y S T E M  ---------------

OS: Windows 8.1 , 64 bit Build 9600 

CPU:total 4 (2 cores per cpu, 2 threads per core) family 6 model 42 stepping 7, cmov, cx8, fxsr, mmx, sse, sse2, sse3, ssse3, sse4.1, sse4.2, popcnt, avx, aes, clmul, ht, tsc, tscinvbit

Memory: 4k page, physical 6238060k(828756k free), swap 8453536k(6144k free)

vm_info: Java HotSpot(TM) 64-Bit Server VM (25.5-b02) for windows-amd64 JRE (1.8.0_05-b13), built on Mar 18 2014 01:08:39 by "java_re" with MS VC++ 10.0 (VS2010)

time: Wed Jun 15 23:24:47 2016
elapsed time: 6 seconds

